
Currently Loaded Modules:
  1) gentoo/2023   (S)   5) hwloc/2.10.0       9) prrte/3.0.5
  2) mii/1.1.2           6) ucx/1.16.0        10) ucc/1.3.0
  3) gcccore/.13.3 (H)   7) libfabric/1.21.0  11) openmpi/5.0.3 (m)
  4) gcc/13.3      (t)   8) pmix/5.0.2        12) rarray/2.8.0

  Where:
   H:  Hidden Module
   S:  Module is Sticky, requires --force to unload or purge
   m:  MPI implementations / Implémentations MPI
   t:  Tools for development / Outils de développement

 


==============================Beginning Parallel I/O Calculation==============================

Using base: 1.1
File: morestepnumbers_1.7GB.dat
Batch size: 100000
Total number of processes: 1

Histogram (log bin start, fraction):
69    1.7e-05
70    0.000149
71    0.000560001
72    0.001616
73    0.003603
74    0.00680401
75    0.011335
76    0.015713
77    0.02026
78    0.024175
79    0.026646
80    0.028443
81    0.029031
82    0.029815
83    0.030304
84    0.029852
85    0.028819
86    0.028142
87    0.027277
88    0.026512
89    0.025639
90    0.024672
91    0.023448
92    0.022419
93    0.02138
94    0.020469
95    0.01957
96    0.018675
97    0.018282
98    0.01745
99    0.017035
100    0.016369
101    0.015629
102    0.014827
103    0.014507
104    0.013661
105    0.013184
106    0.012396
107    0.012089
108    0.011711
109    0.011294
110    0.010656
111    0.010574
112    0.010154
113    0.0100754
114    0.00988357
115    0.00929549
116    0.00930053
117    0.00933401
118    0.00893701
119    0.00891101
120    0.00881966
121    0.00875036
122    0.00876148
123    0.00833054
124    0.00828338
125    0.00820664
126    0.00807464
127    0.00793286
128    0.00757626
129    0.00726296
130    0.00701965
131    0.00684303
132    0.00656079
133    0.00617602
134    0.00596585
135    0.0055458
136    0.00516096
137    0.00478855
138    0.00444854
139    0.00392899
140    0.00359714
141    0.00325933
142    0.00291913
143    0.00266153
144    0.00243158
145    0.00212161
146    0.00195859
147    0.00176505
148    0.00158517
149    0.00131887
150    0.00122589
151    0.00117999
152    0.00097728
153    0.000948056
154    0.000912195
155    0.000851349
156    0.000848419
157    0.00010105

Total time:     	16.35 sec

==============================Calculation Complete==============================


==============================Beginning Parallel I/O Calculation==============================

Using base: 1.1
File: morestepnumbers_1.7GB.dat
Batch size: 100000
Total number of processes: 8

Histogram (log bin start, fraction):
69    1.7e-05
70    0.000149
71    0.000560001
72    0.001616
73    0.003603
74    0.00680401
75    0.011335
76    0.015713
77    0.02026
78    0.024175
79    0.026646
80    0.028443
81    0.029031
82    0.029815
83    0.030304
84    0.029852
85    0.028819
86    0.028142
87    0.027277
88    0.026512
89    0.025639
90    0.024672
91    0.023448
92    0.022419
93    0.02138
94    0.020469
95    0.01957
96    0.018675
97    0.018282
98    0.01745
99    0.017035
100    0.016369
101    0.015629
102    0.014827
103    0.014507
104    0.013661
105    0.013184
106    0.012396
107    0.012089
108    0.011711
109    0.011294
110    0.010656
111    0.010574
112    0.010154
113    0.0100754
114    0.00988357
115    0.00929549
116    0.00930053
117    0.00933401
118    0.00893701
119    0.00891101
120    0.00881966
121    0.00875036
122    0.00876148
123    0.00833054
124    0.00828338
125    0.00820664
126    0.00807464
127    0.00793286
128    0.00757626
129    0.00726296
130    0.00701965
131    0.00684303
132    0.00656079
133    0.00617602
134    0.00596585
135    0.0055458
136    0.00516096
137    0.00478855
138    0.00444854
139    0.00392899
140    0.00359714
141    0.00325933
142    0.00291913
143    0.00266153
144    0.00243158
145    0.00212161
146    0.00195859
147    0.00176505
148    0.00158517
149    0.00131887
150    0.00122589
151    0.00117999
152    0.00097728
153    0.000948056
154    0.000912195
155    0.000851349
156    0.000848419
157    0.00010105

Total time:     	2.165 sec

==============================Calculation Complete==============================


==============================Beginning Parallel I/O Calculation==============================

Using base: 1.1
File: morestepnumbers_1.7GB.dat
Batch size: 100000
Total number of processes: 20

Histogram (log bin start, fraction):
69    1.7e-05
70    0.000149
71    0.000560001
72    0.001616
73    0.003603
74    0.00680401
75    0.011335
76    0.015713
77    0.02026
78    0.024175
79    0.026646
80    0.028443
81    0.029031
82    0.029815
83    0.030304
84    0.029852
85    0.028819
86    0.028142
87    0.027277
88    0.026512
89    0.025639
90    0.024672
91    0.023448
92    0.022419
93    0.02138
94    0.020469
95    0.01957
96    0.018675
97    0.018282
98    0.01745
99    0.017035
100    0.016369
101    0.015629
102    0.014827
103    0.014507
104    0.013661
105    0.013184
106    0.012396
107    0.012089
108    0.011711
109    0.011294
110    0.010656
111    0.010574
112    0.010154
113    0.0100754
114    0.00988357
115    0.00929549
116    0.00930053
117    0.00933401
118    0.00893701
119    0.00891101
120    0.00881966
121    0.00875036
122    0.00876148
123    0.00833054
124    0.00828338
125    0.00820664
126    0.00807464
127    0.00793286
128    0.00757626
129    0.00726296
130    0.00701965
131    0.00684303
132    0.00656079
133    0.00617602
134    0.00596585
135    0.0055458
136    0.00516096
137    0.00478855
138    0.00444854
139    0.00392899
140    0.00359714
141    0.00325933
142    0.00291913
143    0.00266153
144    0.00243158
145    0.00212161
146    0.00195859
147    0.00176505
148    0.00158517
149    0.00131887
150    0.00122589
151    0.00117999
152    0.00097728
153    0.000948056
154    0.000912195
155    0.000851349
156    0.000848419
157    0.00010105

Total time:     	1.128 sec

==============================Calculation Complete==============================


==============================Beginning Parallel I/O Calculation==============================

Using base: 1.1
File: morestepnumbers_1.7GB.dat
Batch size: 100000
Total number of processes: 40

Histogram (log bin start, fraction):
69    1.7e-05
70    0.000149
71    0.000560001
72    0.001616
73    0.003603
74    0.00680401
75    0.011335
76    0.015713
77    0.02026
78    0.024175
79    0.026646
80    0.028443
81    0.029031
82    0.029815
83    0.030304
84    0.029852
85    0.028819
86    0.028142
87    0.027277
88    0.026512
89    0.025639
90    0.024672
91    0.023448
92    0.022419
93    0.02138
94    0.020469
95    0.01957
96    0.018675
97    0.018282
98    0.01745
99    0.017035
100    0.016369
101    0.015629
102    0.014827
103    0.014507
104    0.013661
105    0.013184
106    0.012396
107    0.012089
108    0.011711
109    0.011294
110    0.010656
111    0.010574
112    0.010154
113    0.0100754
114    0.00988357
115    0.00929549
116    0.00930053
117    0.00933401
118    0.00893701
119    0.00891101
120    0.00881966
121    0.00875036
122    0.00876148
123    0.00833054
124    0.00828338
125    0.00820664
126    0.00807464
127    0.00793286
128    0.00757626
129    0.00726296
130    0.00701965
131    0.00684303
132    0.00656079
133    0.00617602
134    0.00596585
135    0.0055458
136    0.00516096
137    0.00478855
138    0.00444854
139    0.00392899
140    0.00359714
141    0.00325933
142    0.00291913
143    0.00266153
144    0.00243158
145    0.00212161
146    0.00195859
147    0.00176505
148    0.00158517
149    0.00131887
150    0.00122589
151    0.00117999
152    0.00097728
153    0.000948056
154    0.000912195
155    0.000851349
156    0.000848419
157    0.00010105

Total time:     	0.9738 sec

==============================Calculation Complete==============================


==============================Beginning Parallel I/O Calculation==============================

Using base: 1.1
File: morestepnumbers_1.7GB.dat
Batch size: 100000
Total number of processes: 80

Histogram (log bin start, fraction):
69    1.7e-05
70    0.000149
71    0.000560001
72    0.001616
73    0.003603
74    0.00680401
75    0.011335
76    0.015713
77    0.02026
78    0.024175
79    0.026646
80    0.028443
81    0.029031
82    0.029815
83    0.030304
84    0.029852
85    0.028819
86    0.028142
87    0.027277
88    0.026512
89    0.025639
90    0.024672
91    0.023448
92    0.022419
93    0.02138
94    0.020469
95    0.01957
96    0.018675
97    0.018282
98    0.01745
99    0.017035
100    0.016369
101    0.015629
102    0.014827
103    0.014507
104    0.013661
105    0.013184
106    0.012396
107    0.012089
108    0.011711
109    0.011294
110    0.010656
111    0.010574
112    0.010154
113    0.0100754
114    0.00988357
115    0.00929549
116    0.00930053
117    0.00933401
118    0.00893701
119    0.00891101
120    0.00881966
121    0.00875036
122    0.00876148
123    0.00833054
124    0.00828338
125    0.00820664
126    0.00807464
127    0.00793286
128    0.00757626
129    0.00726296
130    0.00701965
131    0.00684303
132    0.00656079
133    0.00617602
134    0.00596585
135    0.0055458
136    0.00516096
137    0.00478855
138    0.00444854
139    0.00392899
140    0.00359714
141    0.00325933
142    0.00291913
143    0.00266153
144    0.00243158
145    0.00212161
146    0.00195859
147    0.00176505
148    0.00158517
149    0.00131887
150    0.00122589
151    0.00117999
152    0.00097728
153    0.000948056
154    0.000912195
155    0.000851349
156    0.000848419
157    0.00010105

Total time:     	0.7002 sec

==============================Calculation Complete==============================

